2018.07.10 12:13 B C:\Users\P\Desktop\opencart3\opencart_Arabic_V3020\admin\language\ar\extension\openbay\amazon.php --> www.spama.co /public_html/spama.co/admin/language/ar/extension/openbay amazon.php
2018.07.10 12:13 B C:\Users\P\Desktop\opencart3\opencart_Arabic_V3020\admin\language\ar\extension\openbay\amazon_bulk_linking.php --> www.spama.co /public_html/spama.co/admin/language/ar/extension/openbay amazon_bulk_linking.php
2018.07.10 12:13 B C:\Users\P\Desktop\opencart3\opencart_Arabic_V3020\admin\language\ar\extension\openbay\amazon_bulk_listing.php --> www.spama.co /public_html/spama.co/admin/language/ar/extension/openbay amazon_bulk_listing.php
2018.07.10 12:13 B C:\Users\P\Desktop\opencart3\opencart_Arabic_V3020\admin\language\ar\extension\openbay\amazon_links.php --> www.spama.co /public_html/spama.co/admin/language/ar/extension/openbay amazon_links.php
2018.07.10 12:13 B C:\Users\P\Desktop\opencart3\opencart_Arabic_V3020\admin\language\ar\extension\openbay\amazon_listing.php --> www.spama.co /public_html/spama.co/admin/language/ar/extension/openbay amazon_listing.php
2018.07.10 12:13 B C:\Users\P\Desktop\opencart3\opencart_Arabic_V3020\admin\language\ar\extension\openbay\amazon_listingsaved.php --> www.spama.co /public_html/spama.co/admin/language/ar/extension/openbay amazon_listingsaved.php
2018.07.10 12:13 B C:\Users\P\Desktop\opencart3\opencart_Arabic_V3020\admin\language\ar\extension\openbay\amazon_settings.php --> www.spama.co /public_html/spama.co/admin/language/ar/extension/openbay amazon_settings.php
2018.07.10 12:13 B C:\Users\P\Desktop\opencart3\opencart_Arabic_V3020\admin\language\ar\extension\openbay\amazon_stockupdates.php --> www.spama.co /public_html/spama.co/admin/language/ar/extension/openbay amazon_stockupdates.php
2018.07.10 12:13 B C:\Users\P\Desktop\opencart3\opencart_Arabic_V3020\admin\language\ar\extension\openbay\amazon_subscription.php --> www.spama.co /public_html/spama.co/admin/language/ar/extension/openbay amazon_subscription.php
2018.07.10 12:13 B C:\Users\P\Desktop\opencart3\opencart_Arabic_V3020\admin\language\ar\extension\openbay\amazonus.php --> www.spama.co /public_html/spama.co/admin/language/ar/extension/openbay amazonus.php
2018.07.10 12:13 B C:\Users\P\Desktop\opencart3\opencart_Arabic_V3020\admin\language\ar\extension\openbay\amazonus_bulk_linking.php --> www.spama.co /public_html/spama.co/admin/language/ar/extension/openbay amazonus_bulk_linking.php
2018.07.10 12:13 B C:\Users\P\Desktop\opencart3\opencart_Arabic_V3020\admin\language\ar\extension\openbay\amazonus_bulk_listing.php --> www.spama.co /public_html/spama.co/admin/language/ar/extension/openbay amazonus_bulk_listing.php
2018.07.10 12:13 B C:\Users\P\Desktop\opencart3\opencart_Arabic_V3020\admin\language\ar\extension\openbay\amazonus_links.php --> www.spama.co /public_html/spama.co/admin/language/ar/extension/openbay amazonus_links.php
2018.07.10 12:13 B C:\Users\P\Desktop\opencart3\opencart_Arabic_V3020\admin\language\ar\extension\openbay\amazonus_listing.php --> www.spama.co /public_html/spama.co/admin/language/ar/extension/openbay amazonus_listing.php
2018.07.10 12:13 B C:\Users\P\Desktop\opencart3\opencart_Arabic_V3020\admin\language\ar\extension\openbay\amazonus_listingsaved.php --> www.spama.co /public_html/spama.co/admin/language/ar/extension/openbay amazonus_listingsaved.php
2018.07.10 12:13 B C:\Users\P\Desktop\opencart3\opencart_Arabic_V3020\admin\language\ar\extension\openbay\amazonus_settings.php --> www.spama.co /public_html/spama.co/admin/language/ar/extension/openbay amazonus_settings.php
2018.07.10 12:13 B C:\Users\P\Desktop\opencart3\opencart_Arabic_V3020\admin\language\ar\extension\openbay\amazonus_stockupdates.php --> www.spama.co /public_html/spama.co/admin/language/ar/extension/openbay amazonus_stockupdates.php
2018.07.10 12:13 B C:\Users\P\Desktop\opencart3\opencart_Arabic_V3020\admin\language\ar\extension\openbay\amazonus_subscription.php --> www.spama.co /public_html/spama.co/admin/language/ar/extension/openbay amazonus_subscription.php
2018.07.10 12:13 B C:\Users\P\Desktop\opencart3\opencart_Arabic_V3020\admin\language\ar\extension\openbay\ebay.php --> www.spama.co /public_html/spama.co/admin/language/ar/extension/openbay ebay.php
2018.07.10 12:13 B C:\Users\P\Desktop\opencart3\opencart_Arabic_V3020\admin\language\ar\extension\openbay\ebay_edit.php --> www.spama.co /public_html/spama.co/admin/language/ar/extension/openbay ebay_edit.php
2018.07.10 12:13 B C:\Users\P\Desktop\opencart3\opencart_Arabic_V3020\admin\language\ar\extension\openbay\ebay_import.php --> www.spama.co /public_html/spama.co/admin/language/ar/extension/openbay ebay_import.php
2018.07.10 12:13 B C:\Users\P\Desktop\opencart3\opencart_Arabic_V3020\admin\language\ar\extension\openbay\ebay_links.php --> www.spama.co /public_html/spama.co/admin/language/ar/extension/openbay ebay_links.php
2018.07.10 12:13 B C:\Users\P\Desktop\opencart3\opencart_Arabic_V3020\admin\language\ar\extension\openbay\ebay_new.php --> www.spama.co /public_html/spama.co/admin/language/ar/extension/openbay ebay_new.php
2018.07.10 12:13 B C:\Users\P\Desktop\opencart3\opencart_Arabic_V3020\admin\language\ar\extension\openbay\ebay_newbulk.php --> www.spama.co /public_html/spama.co/admin/language/ar/extension/openbay ebay_newbulk.php
2018.07.10 12:13 B C:\Users\P\Desktop\opencart3\opencart_Arabic_V3020\admin\language\ar\extension\openbay\ebay_orders.php --> www.spama.co /public_html/spama.co/admin/language/ar/extension/openbay ebay_orders.php
2018.07.10 12:13 B C:\Users\P\Desktop\opencart3\opencart_Arabic_V3020\admin\language\ar\extension\openbay\ebay_profile.php --> www.spama.co /public_html/spama.co/admin/language/ar/extension/openbay ebay_profile.php
2018.07.10 12:13 B C:\Users\P\Desktop\opencart3\opencart_Arabic_V3020\admin\language\ar\extension\openbay\ebay_settings.php --> www.spama.co /public_html/spama.co/admin/language/ar/extension/openbay ebay_settings.php
2018.07.10 12:13 B C:\Users\P\Desktop\opencart3\opencart_Arabic_V3020\admin\language\ar\extension\openbay\ebay_subscription.php --> www.spama.co /public_html/spama.co/admin/language/ar/extension/openbay ebay_subscription.php
2018.07.10 12:13 B C:\Users\P\Desktop\opencart3\opencart_Arabic_V3020\admin\language\ar\extension\openbay\ebay_summary.php --> www.spama.co /public_html/spama.co/admin/language/ar/extension/openbay ebay_summary.php
2018.07.10 12:13 B C:\Users\P\Desktop\opencart3\opencart_Arabic_V3020\admin\language\ar\extension\openbay\ebay_syncronise.php --> www.spama.co /public_html/spama.co/admin/language/ar/extension/openbay ebay_syncronise.php
2018.07.10 12:13 B C:\Users\P\Desktop\opencart3\opencart_Arabic_V3020\admin\language\ar\extension\openbay\ebay_template.php --> www.spama.co /public_html/spama.co/admin/language/ar/extension/openbay ebay_template.php
2018.07.10 12:13 B C:\Users\P\Desktop\opencart3\opencart_Arabic_V3020\admin\language\ar\extension\openbay\ebay_usage.php --> www.spama.co /public_html/spama.co/admin/language/ar/extension/openbay ebay_usage.php
2018.07.10 12:13 B C:\Users\P\Desktop\opencart3\opencart_Arabic_V3020\admin\language\ar\extension\openbay\etsy.php --> www.spama.co /public_html/spama.co/admin/language/ar/extension/openbay etsy.php
2018.07.10 12:13 B C:\Users\P\Desktop\opencart3\opencart_Arabic_V3020\admin\language\ar\extension\openbay\etsy_create.php --> www.spama.co /public_html/spama.co/admin/language/ar/extension/openbay etsy_create.php
2018.07.10 12:13 B C:\Users\P\Desktop\opencart3\opencart_Arabic_V3020\admin\language\ar\extension\openbay\etsy_edit.php --> www.spama.co /public_html/spama.co/admin/language/ar/extension/openbay etsy_edit.php
2018.07.10 12:13 B C:\Users\P\Desktop\opencart3\opencart_Arabic_V3020\admin\language\ar\extension\openbay\etsy_links.php --> www.spama.co /public_html/spama.co/admin/language/ar/extension/openbay etsy_links.php
2018.07.10 12:13 B C:\Users\P\Desktop\opencart3\opencart_Arabic_V3020\admin\language\ar\extension\openbay\etsy_listings.php --> www.spama.co /public_html/spama.co/admin/language/ar/extension/openbay etsy_listings.php
2018.07.10 12:13 B C:\Users\P\Desktop\opencart3\opencart_Arabic_V3020\admin\language\ar\extension\openbay\etsy_settings.php --> www.spama.co /public_html/spama.co/admin/language/ar/extension/openbay etsy_settings.php
2018.07.10 12:13 B C:\Users\P\Desktop\opencart3\opencart_Arabic_V3020\admin\language\ar\extension\openbay\fba.php --> www.spama.co /public_html/spama.co/admin/language/ar/extension/openbay fba.php
2018.07.10 12:13 B C:\Users\P\Desktop\opencart3\opencart_Arabic_V3020\admin\language\ar\extension\openbay\fba_fulfillment.php --> www.spama.co /public_html/spama.co/admin/language/ar/extension/openbay fba_fulfillment.php
2018.07.10 12:13 B C:\Users\P\Desktop\opencart3\opencart_Arabic_V3020\admin\language\ar\extension\openbay\fba_fulfillment_list.php --> www.spama.co /public_html/spama.co/admin/language/ar/extension/openbay fba_fulfillment_list.php
2018.07.10 12:13 B C:\Users\P\Desktop\opencart3\opencart_Arabic_V3020\admin\language\ar\extension\openbay\fba_order.php --> www.spama.co /public_html/spama.co/admin/language/ar/extension/openbay fba_order.php
2018.07.10 12:13 B C:\Users\P\Desktop\opencart3\opencart_Arabic_V3020\admin\language\ar\extension\openbay\fba_settings.php --> www.spama.co /public_html/spama.co/admin/language/ar/extension/openbay fba_settings.php
2018.07.10 12:13 B C:\Users\P\Desktop\opencart3\opencart_Arabic_V3020\admin\language\ar\extension\openbay\openbay_itemlist.php --> www.spama.co /public_html/spama.co/admin/language/ar/extension/openbay openbay_itemlist.php
2018.07.10 12:13 B C:\Users\P\Desktop\opencart3\opencart_Arabic_V3020\admin\language\ar\extension\openbay\openbay_menu.php --> www.spama.co /public_html/spama.co/admin/language/ar/extension/openbay openbay_menu.php
2018.07.10 12:13 B C:\Users\P\Desktop\opencart3\opencart_Arabic_V3020\admin\language\ar\extension\openbay\openbay_order.php --> www.spama.co /public_html/spama.co/admin/language/ar/extension/openbay openbay_order.php
