2018.07.10 12:13 B C:\Users\P\Desktop\opencart3\opencart_Arabic_V3020\admin\language\ar\extension\payment\alipay.php --> www.spama.co /public_html/spama.co/admin/language/ar/extension/payment alipay.php
2018.07.10 12:13 B C:\Users\P\Desktop\opencart3\opencart_Arabic_V3020\admin\language\ar\extension\payment\alipay_cross.php --> www.spama.co /public_html/spama.co/admin/language/ar/extension/payment alipay_cross.php
2018.07.10 12:13 B C:\Users\P\Desktop\opencart3\opencart_Arabic_V3020\admin\language\ar\extension\payment\amazon_login_pay.php --> www.spama.co /public_html/spama.co/admin/language/ar/extension/payment amazon_login_pay.php
2018.07.10 12:13 B C:\Users\P\Desktop\opencart3\opencart_Arabic_V3020\admin\language\ar\extension\payment\authorizenet_aim.php --> www.spama.co /public_html/spama.co/admin/language/ar/extension/payment authorizenet_aim.php
2018.07.10 12:14 B C:\Users\P\Desktop\opencart3\opencart_Arabic_V3020\admin\language\ar\extension\payment\authorizenet_sim.php --> www.spama.co /public_html/spama.co/admin/language/ar/extension/payment authorizenet_sim.php
2018.07.10 12:14 B C:\Users\P\Desktop\opencart3\opencart_Arabic_V3020\admin\language\ar\extension\payment\bank_transfer.php --> www.spama.co /public_html/spama.co/admin/language/ar/extension/payment bank_transfer.php
2018.07.10 12:14 B C:\Users\P\Desktop\opencart3\opencart_Arabic_V3020\admin\language\ar\extension\payment\bluepay_hosted.php --> www.spama.co /public_html/spama.co/admin/language/ar/extension/payment bluepay_hosted.php
2018.07.10 12:14 B C:\Users\P\Desktop\opencart3\opencart_Arabic_V3020\admin\language\ar\extension\payment\bluepay_redirect.php --> www.spama.co /public_html/spama.co/admin/language/ar/extension/payment bluepay_redirect.php
2018.07.10 12:14 B C:\Users\P\Desktop\opencart3\opencart_Arabic_V3020\admin\language\ar\extension\payment\cardconnect.php --> www.spama.co /public_html/spama.co/admin/language/ar/extension/payment cardconnect.php
2018.07.10 12:14 B C:\Users\P\Desktop\opencart3\opencart_Arabic_V3020\admin\language\ar\extension\payment\cardinity.php --> www.spama.co /public_html/spama.co/admin/language/ar/extension/payment cardinity.php
2018.07.10 12:14 B C:\Users\P\Desktop\opencart3\opencart_Arabic_V3020\admin\language\ar\extension\payment\cheque.php --> www.spama.co /public_html/spama.co/admin/language/ar/extension/payment cheque.php
2018.07.10 12:14 B C:\Users\P\Desktop\opencart3\opencart_Arabic_V3020\admin\language\ar\extension\payment\cod.php --> www.spama.co /public_html/spama.co/admin/language/ar/extension/payment cod.php
2018.07.10 12:14 B C:\Users\P\Desktop\opencart3\opencart_Arabic_V3020\admin\language\ar\extension\payment\divido.php --> www.spama.co /public_html/spama.co/admin/language/ar/extension/payment divido.php
2018.07.10 12:14 B C:\Users\P\Desktop\opencart3\opencart_Arabic_V3020\admin\language\ar\extension\payment\eway.php --> www.spama.co /public_html/spama.co/admin/language/ar/extension/payment eway.php
2018.07.10 12:14 B C:\Users\P\Desktop\opencart3\opencart_Arabic_V3020\admin\language\ar\extension\payment\firstdata.php --> www.spama.co /public_html/spama.co/admin/language/ar/extension/payment firstdata.php
2018.07.10 12:14 B C:\Users\P\Desktop\opencart3\opencart_Arabic_V3020\admin\language\ar\extension\payment\firstdata_remote.php --> www.spama.co /public_html/spama.co/admin/language/ar/extension/payment firstdata_remote.php
2018.07.10 12:14 B C:\Users\P\Desktop\opencart3\opencart_Arabic_V3020\admin\language\ar\extension\payment\free_checkout.php --> www.spama.co /public_html/spama.co/admin/language/ar/extension/payment free_checkout.php
2018.07.10 12:14 B C:\Users\P\Desktop\opencart3\opencart_Arabic_V3020\admin\language\ar\extension\payment\g2apay.php --> www.spama.co /public_html/spama.co/admin/language/ar/extension/payment g2apay.php
2018.07.10 12:14 B C:\Users\P\Desktop\opencart3\opencart_Arabic_V3020\admin\language\ar\extension\payment\globalpay.php --> www.spama.co /public_html/spama.co/admin/language/ar/extension/payment globalpay.php
2018.07.10 12:14 B C:\Users\P\Desktop\opencart3\opencart_Arabic_V3020\admin\language\ar\extension\payment\globalpay_remote.php --> www.spama.co /public_html/spama.co/admin/language/ar/extension/payment globalpay_remote.php
2018.07.10 12:14 B C:\Users\P\Desktop\opencart3\opencart_Arabic_V3020\admin\language\ar\extension\payment\klarna_account.php --> www.spama.co /public_html/spama.co/admin/language/ar/extension/payment klarna_account.php
2018.07.10 12:14 B C:\Users\P\Desktop\opencart3\opencart_Arabic_V3020\admin\language\ar\extension\payment\klarna_checkout.php --> www.spama.co /public_html/spama.co/admin/language/ar/extension/payment klarna_checkout.php
2018.07.10 12:14 B C:\Users\P\Desktop\opencart3\opencart_Arabic_V3020\admin\language\ar\extension\payment\klarna_invoice.php --> www.spama.co /public_html/spama.co/admin/language/ar/extension/payment klarna_invoice.php
2018.07.10 12:14 B C:\Users\P\Desktop\opencart3\opencart_Arabic_V3020\admin\language\ar\extension\payment\laybuy.php --> www.spama.co /public_html/spama.co/admin/language/ar/extension/payment laybuy.php
2018.07.10 12:14 B C:\Users\P\Desktop\opencart3\opencart_Arabic_V3020\admin\language\ar\extension\payment\liqpay.php --> www.spama.co /public_html/spama.co/admin/language/ar/extension/payment liqpay.php
2018.07.10 12:14 B C:\Users\P\Desktop\opencart3\opencart_Arabic_V3020\admin\language\ar\extension\payment\nochex.php --> www.spama.co /public_html/spama.co/admin/language/ar/extension/payment nochex.php
2018.07.10 12:14 B C:\Users\P\Desktop\opencart3\opencart_Arabic_V3020\admin\language\ar\extension\payment\paymate.php --> www.spama.co /public_html/spama.co/admin/language/ar/extension/payment paymate.php
2018.07.10 12:14 B C:\Users\P\Desktop\opencart3\opencart_Arabic_V3020\admin\language\ar\extension\payment\paypoint.php --> www.spama.co /public_html/spama.co/admin/language/ar/extension/payment paypoint.php
2018.07.10 12:14 B C:\Users\P\Desktop\opencart3\opencart_Arabic_V3020\admin\language\ar\extension\payment\payza.php --> www.spama.co /public_html/spama.co/admin/language/ar/extension/payment payza.php
2018.07.10 12:14 B C:\Users\P\Desktop\opencart3\opencart_Arabic_V3020\admin\language\ar\extension\payment\perpetual_payments.php --> www.spama.co /public_html/spama.co/admin/language/ar/extension/payment perpetual_payments.php
2018.07.10 12:14 B C:\Users\P\Desktop\opencart3\opencart_Arabic_V3020\admin\language\ar\extension\payment\pilibaba.php --> www.spama.co /public_html/spama.co/admin/language/ar/extension/payment pilibaba.php
2018.07.10 12:14 B C:\Users\P\Desktop\opencart3\opencart_Arabic_V3020\admin\language\ar\extension\payment\pp_braintree.php --> www.spama.co /public_html/spama.co/admin/language/ar/extension/payment pp_braintree.php
2018.07.10 12:14 B C:\Users\P\Desktop\opencart3\opencart_Arabic_V3020\admin\language\ar\extension\payment\pp_express.php --> www.spama.co /public_html/spama.co/admin/language/ar/extension/payment pp_express.php
2018.07.10 12:14 B C:\Users\P\Desktop\opencart3\opencart_Arabic_V3020\admin\language\ar\extension\payment\pp_express_order.php --> www.spama.co /public_html/spama.co/admin/language/ar/extension/payment pp_express_order.php
2018.07.10 12:14 B C:\Users\P\Desktop\opencart3\opencart_Arabic_V3020\admin\language\ar\extension\payment\pp_express_refund.php --> www.spama.co /public_html/spama.co/admin/language/ar/extension/payment pp_express_refund.php
2018.07.10 12:14 B C:\Users\P\Desktop\opencart3\opencart_Arabic_V3020\admin\language\ar\extension\payment\pp_express_search.php --> www.spama.co /public_html/spama.co/admin/language/ar/extension/payment pp_express_search.php
2018.07.10 12:14 B C:\Users\P\Desktop\opencart3\opencart_Arabic_V3020\admin\language\ar\extension\payment\pp_express_view.php --> www.spama.co /public_html/spama.co/admin/language/ar/extension/payment pp_express_view.php
2018.07.10 12:14 B C:\Users\P\Desktop\opencart3\opencart_Arabic_V3020\admin\language\ar\extension\payment\pp_payflow.php --> www.spama.co /public_html/spama.co/admin/language/ar/extension/payment pp_payflow.php
2018.07.10 12:14 B C:\Users\P\Desktop\opencart3\opencart_Arabic_V3020\admin\language\ar\extension\payment\pp_payflow_iframe.php --> www.spama.co /public_html/spama.co/admin/language/ar/extension/payment pp_payflow_iframe.php
2018.07.10 12:14 B C:\Users\P\Desktop\opencart3\opencart_Arabic_V3020\admin\language\ar\extension\payment\pp_pro.php --> www.spama.co /public_html/spama.co/admin/language/ar/extension/payment pp_pro.php
2018.07.10 12:14 B C:\Users\P\Desktop\opencart3\opencart_Arabic_V3020\admin\language\ar\extension\payment\pp_pro_iframe.php --> www.spama.co /public_html/spama.co/admin/language/ar/extension/payment pp_pro_iframe.php
2018.07.10 12:14 B C:\Users\P\Desktop\opencart3\opencart_Arabic_V3020\admin\language\ar\extension\payment\pp_standard.php --> www.spama.co /public_html/spama.co/admin/language/ar/extension/payment pp_standard.php
2018.07.10 12:14 B C:\Users\P\Desktop\opencart3\opencart_Arabic_V3020\admin\language\ar\extension\payment\realex.php --> www.spama.co /public_html/spama.co/admin/language/ar/extension/payment realex.php
2018.07.10 12:14 B C:\Users\P\Desktop\opencart3\opencart_Arabic_V3020\admin\language\ar\extension\payment\realex_remote.php --> www.spama.co /public_html/spama.co/admin/language/ar/extension/payment realex_remote.php
2018.07.10 12:14 B C:\Users\P\Desktop\opencart3\opencart_Arabic_V3020\admin\language\ar\extension\payment\sagepay_direct.php --> www.spama.co /public_html/spama.co/admin/language/ar/extension/payment sagepay_direct.php
2018.07.10 12:14 B C:\Users\P\Desktop\opencart3\opencart_Arabic_V3020\admin\language\ar\extension\payment\sagepay_server.php --> www.spama.co /public_html/spama.co/admin/language/ar/extension/payment sagepay_server.php
2018.07.10 12:14 B C:\Users\P\Desktop\opencart3\opencart_Arabic_V3020\admin\language\ar\extension\payment\sagepay_us.php --> www.spama.co /public_html/spama.co/admin/language/ar/extension/payment sagepay_us.php
2018.07.10 12:14 B C:\Users\P\Desktop\opencart3\opencart_Arabic_V3020\admin\language\ar\extension\payment\securetrading_pp.php --> www.spama.co /public_html/spama.co/admin/language/ar/extension/payment securetrading_pp.php
2018.07.10 12:14 B C:\Users\P\Desktop\opencart3\opencart_Arabic_V3020\admin\language\ar\extension\payment\securetrading_ws.php --> www.spama.co /public_html/spama.co/admin/language/ar/extension/payment securetrading_ws.php
2018.07.10 12:14 B C:\Users\P\Desktop\opencart3\opencart_Arabic_V3020\admin\language\ar\extension\payment\skrill.php --> www.spama.co /public_html/spama.co/admin/language/ar/extension/payment skrill.php
2018.07.10 12:14 B C:\Users\P\Desktop\opencart3\opencart_Arabic_V3020\admin\language\ar\extension\payment\squareup.php --> www.spama.co /public_html/spama.co/admin/language/ar/extension/payment squareup.php
2018.07.10 12:14 B C:\Users\P\Desktop\opencart3\opencart_Arabic_V3020\admin\language\ar\extension\payment\twocheckout.php --> www.spama.co /public_html/spama.co/admin/language/ar/extension/payment twocheckout.php
2018.07.10 12:14 B C:\Users\P\Desktop\opencart3\opencart_Arabic_V3020\admin\language\ar\extension\payment\web_payment_software.php --> www.spama.co /public_html/spama.co/admin/language/ar/extension/payment web_payment_software.php
2018.07.10 12:14 B C:\Users\P\Desktop\opencart3\opencart_Arabic_V3020\admin\language\ar\extension\payment\wechat_pay.php --> www.spama.co /public_html/spama.co/admin/language/ar/extension/payment wechat_pay.php
2018.07.10 12:14 B C:\Users\P\Desktop\opencart3\opencart_Arabic_V3020\admin\language\ar\extension\payment\worldpay.php --> www.spama.co /public_html/spama.co/admin/language/ar/extension/payment worldpay.php
