2018.07.10 12:12 B C:\Users\P\Desktop\opencart3\opencart_Arabic_V3020\admin\language\ar\extension\module\account.php --> www.spama.co /public_html/spama.co/admin/language/ar/extension/module account.php
2018.07.10 12:12 B C:\Users\P\Desktop\opencart3\opencart_Arabic_V3020\admin\language\ar\extension\module\amazon_login.php --> www.spama.co /public_html/spama.co/admin/language/ar/extension/module amazon_login.php
2018.07.10 12:12 B C:\Users\P\Desktop\opencart3\opencart_Arabic_V3020\admin\language\ar\extension\module\amazon_pay.php --> www.spama.co /public_html/spama.co/admin/language/ar/extension/module amazon_pay.php
2018.07.10 12:12 B C:\Users\P\Desktop\opencart3\opencart_Arabic_V3020\admin\language\ar\extension\module\banner.php --> www.spama.co /public_html/spama.co/admin/language/ar/extension/module banner.php
2018.07.10 12:12 B C:\Users\P\Desktop\opencart3\opencart_Arabic_V3020\admin\language\ar\extension\module\bestseller.php --> www.spama.co /public_html/spama.co/admin/language/ar/extension/module bestseller.php
2018.07.10 12:12 B C:\Users\P\Desktop\opencart3\opencart_Arabic_V3020\admin\language\ar\extension\module\carousel.php --> www.spama.co /public_html/spama.co/admin/language/ar/extension/module carousel.php
2018.07.10 12:12 B C:\Users\P\Desktop\opencart3\opencart_Arabic_V3020\admin\language\ar\extension\module\category.php --> www.spama.co /public_html/spama.co/admin/language/ar/extension/module category.php
2018.07.10 12:12 B C:\Users\P\Desktop\opencart3\opencart_Arabic_V3020\admin\language\ar\extension\module\divido_calculator.php --> www.spama.co /public_html/spama.co/admin/language/ar/extension/module divido_calculator.php
2018.07.10 12:12 B C:\Users\P\Desktop\opencart3\opencart_Arabic_V3020\admin\language\ar\extension\module\ebay_listing.php --> www.spama.co /public_html/spama.co/admin/language/ar/extension/module ebay_listing.php
2018.07.10 12:12 B C:\Users\P\Desktop\opencart3\opencart_Arabic_V3020\admin\language\ar\extension\module\featured.php --> www.spama.co /public_html/spama.co/admin/language/ar/extension/module featured.php
2018.07.10 12:12 B C:\Users\P\Desktop\opencart3\opencart_Arabic_V3020\admin\language\ar\extension\module\filter.php --> www.spama.co /public_html/spama.co/admin/language/ar/extension/module filter.php
2018.07.10 12:12 B C:\Users\P\Desktop\opencart3\opencart_Arabic_V3020\admin\language\ar\extension\module\google_hangouts.php --> www.spama.co /public_html/spama.co/admin/language/ar/extension/module google_hangouts.php
2018.07.10 12:12 B C:\Users\P\Desktop\opencart3\opencart_Arabic_V3020\admin\language\ar\extension\module\html.php --> www.spama.co /public_html/spama.co/admin/language/ar/extension/module html.php
2018.07.10 12:12 B C:\Users\P\Desktop\opencart3\opencart_Arabic_V3020\admin\language\ar\extension\module\information.php --> www.spama.co /public_html/spama.co/admin/language/ar/extension/module information.php
2018.07.10 12:12 B C:\Users\P\Desktop\opencart3\opencart_Arabic_V3020\admin\language\ar\extension\module\klarna_checkout_module.php --> www.spama.co /public_html/spama.co/admin/language/ar/extension/module klarna_checkout_module.php
2018.07.10 12:12 B C:\Users\P\Desktop\opencart3\opencart_Arabic_V3020\admin\language\ar\extension\module\latest.php --> www.spama.co /public_html/spama.co/admin/language/ar/extension/module latest.php
2018.07.10 12:12 B C:\Users\P\Desktop\opencart3\opencart_Arabic_V3020\admin\language\ar\extension\module\laybuy_layout.php --> www.spama.co /public_html/spama.co/admin/language/ar/extension/module laybuy_layout.php
2018.07.10 12:12 B C:\Users\P\Desktop\opencart3\opencart_Arabic_V3020\admin\language\ar\extension\module\pilibaba_button.php --> www.spama.co /public_html/spama.co/admin/language/ar/extension/module pilibaba_button.php
2018.07.10 12:12 B C:\Users\P\Desktop\opencart3\opencart_Arabic_V3020\admin\language\ar\extension\module\pp_braintree_button.php --> www.spama.co /public_html/spama.co/admin/language/ar/extension/module pp_braintree_button.php
2018.07.10 12:12 B C:\Users\P\Desktop\opencart3\opencart_Arabic_V3020\admin\language\ar\extension\module\pp_button.php --> www.spama.co /public_html/spama.co/admin/language/ar/extension/module pp_button.php
2018.07.10 12:12 B C:\Users\P\Desktop\opencart3\opencart_Arabic_V3020\admin\language\ar\extension\module\pp_login.php --> www.spama.co /public_html/spama.co/admin/language/ar/extension/module pp_login.php
2018.07.10 12:12 B C:\Users\P\Desktop\opencart3\opencart_Arabic_V3020\admin\language\ar\extension\module\sagepay_direct_cards.php --> www.spama.co /public_html/spama.co/admin/language/ar/extension/module sagepay_direct_cards.php
2018.07.10 12:12 B C:\Users\P\Desktop\opencart3\opencart_Arabic_V3020\admin\language\ar\extension\module\sagepay_server_cards.php --> www.spama.co /public_html/spama.co/admin/language/ar/extension/module sagepay_server_cards.php
2018.07.10 12:12 B C:\Users\P\Desktop\opencart3\opencart_Arabic_V3020\admin\language\ar\extension\module\slideshow.php --> www.spama.co /public_html/spama.co/admin/language/ar/extension/module slideshow.php
2018.07.10 12:12 B C:\Users\P\Desktop\opencart3\opencart_Arabic_V3020\admin\language\ar\extension\module\special.php --> www.spama.co /public_html/spama.co/admin/language/ar/extension/module special.php
2018.07.10 12:12 B C:\Users\P\Desktop\opencart3\opencart_Arabic_V3020\admin\language\ar\extension\module\store.php --> www.spama.co /public_html/spama.co/admin/language/ar/extension/module store.php
