2018.07.10 12:18 B C:\Users\P\Desktop\opencart3\opencart_Arabic_V3020\catalog\language\ar\account\account.php --> www.spama.co /public_html/spama.co/catalog/language/ar/account account.php
2018.07.10 12:18 B C:\Users\P\Desktop\opencart3\opencart_Arabic_V3020\catalog\language\ar\account\address.php --> www.spama.co /public_html/spama.co/catalog/language/ar/account address.php
2018.07.10 12:18 B C:\Users\P\Desktop\opencart3\opencart_Arabic_V3020\catalog\language\ar\account\affiliate.php --> www.spama.co /public_html/spama.co/catalog/language/ar/account affiliate.php
2018.07.10 12:18 B C:\Users\P\Desktop\opencart3\opencart_Arabic_V3020\catalog\language\ar\account\download.php --> www.spama.co /public_html/spama.co/catalog/language/ar/account download.php
2018.07.10 12:18 B C:\Users\P\Desktop\opencart3\opencart_Arabic_V3020\catalog\language\ar\account\edit.php --> www.spama.co /public_html/spama.co/catalog/language/ar/account edit.php
2018.07.10 12:18 B C:\Users\P\Desktop\opencart3\opencart_Arabic_V3020\catalog\language\ar\account\forgotten.php --> www.spama.co /public_html/spama.co/catalog/language/ar/account forgotten.php
2018.07.10 12:18 B C:\Users\P\Desktop\opencart3\opencart_Arabic_V3020\catalog\language\ar\account\login.php --> www.spama.co /public_html/spama.co/catalog/language/ar/account login.php
2018.07.10 12:18 B C:\Users\P\Desktop\opencart3\opencart_Arabic_V3020\catalog\language\ar\account\logout.php --> www.spama.co /public_html/spama.co/catalog/language/ar/account logout.php
2018.07.10 12:18 B C:\Users\P\Desktop\opencart3\opencart_Arabic_V3020\catalog\language\ar\account\newsletter.php --> www.spama.co /public_html/spama.co/catalog/language/ar/account newsletter.php
2018.07.10 12:18 B C:\Users\P\Desktop\opencart3\opencart_Arabic_V3020\catalog\language\ar\account\order.php --> www.spama.co /public_html/spama.co/catalog/language/ar/account order.php
2018.07.10 12:18 B C:\Users\P\Desktop\opencart3\opencart_Arabic_V3020\catalog\language\ar\account\password.php --> www.spama.co /public_html/spama.co/catalog/language/ar/account password.php
2018.07.10 12:18 B C:\Users\P\Desktop\opencart3\opencart_Arabic_V3020\catalog\language\ar\account\recurring.php --> www.spama.co /public_html/spama.co/catalog/language/ar/account recurring.php
2018.07.10 12:18 B C:\Users\P\Desktop\opencart3\opencart_Arabic_V3020\catalog\language\ar\account\register.php --> www.spama.co /public_html/spama.co/catalog/language/ar/account register.php
2018.07.10 12:18 B C:\Users\P\Desktop\opencart3\opencart_Arabic_V3020\catalog\language\ar\account\reset.php --> www.spama.co /public_html/spama.co/catalog/language/ar/account reset.php
2018.07.10 12:18 B C:\Users\P\Desktop\opencart3\opencart_Arabic_V3020\catalog\language\ar\account\return.php --> www.spama.co /public_html/spama.co/catalog/language/ar/account return.php
2018.07.10 12:18 B C:\Users\P\Desktop\opencart3\opencart_Arabic_V3020\catalog\language\ar\account\reward.php --> www.spama.co /public_html/spama.co/catalog/language/ar/account reward.php
2018.07.10 12:18 B C:\Users\P\Desktop\opencart3\opencart_Arabic_V3020\catalog\language\ar\account\success.php --> www.spama.co /public_html/spama.co/catalog/language/ar/account success.php
2018.07.10 12:18 B C:\Users\P\Desktop\opencart3\opencart_Arabic_V3020\catalog\language\ar\account\tracking.php --> www.spama.co /public_html/spama.co/catalog/language/ar/account tracking.php
2018.07.10 12:18 B C:\Users\P\Desktop\opencart3\opencart_Arabic_V3020\catalog\language\ar\account\transaction.php --> www.spama.co /public_html/spama.co/catalog/language/ar/account transaction.php
2018.07.10 12:18 B C:\Users\P\Desktop\opencart3\opencart_Arabic_V3020\catalog\language\ar\account\voucher.php --> www.spama.co /public_html/spama.co/catalog/language/ar/account voucher.php
2018.07.10 12:18 B C:\Users\P\Desktop\opencart3\opencart_Arabic_V3020\catalog\language\ar\account\wishlist.php --> www.spama.co /public_html/spama.co/catalog/language/ar/account wishlist.php
